<?xml version="1.0" encoding="UTF-8"?>
<!-- Generated by org.testng.reporters.JUnitReportReporter -->
<testsuite hostname="Fulcrum-THINK" name="testngpackage.NewTest" tests="4" failures="0" timestamp="15 Feb 2016 09:45:25 GMT" time="28.523" errors="1">
  <testcase name="invalidLogin" time="12.819" classname="testngpackage.NewTest"/>
  <testcase name="checkLoginPageTitle" time="0.018" classname="testngpackage.NewTest"/>
  <testcase name="validLogin" time="15.602" classname="testngpackage.NewTest"/>
  <testcase name="step3" time="0.084" classname="testngpackage.NewTest">
    <error type="org.openqa.selenium.NoSuchElementException" message="Unable to locate element: {&quot;method&quot;:&quot;partial link text&quot;,&quot;selector&quot;:&quot;Interpretation Of Medical Literature &quot;}
Command duration or timeout: 80 milliseconds
For documentation on this error, please visit: http://seleniumhq.org/exceptions/no_such_element.html
Build info: version: &#039;2.50.1&#039;, revision: &#039;d7fc91b&#039;, time: &#039;2016-01-29 19:04:49&#039;
System info: host: &#039;Fulcrum-THINK&#039;, ip: &#039;192.168.32.255&#039;, os.name: &#039;Windows 7&#039;, os.arch: &#039;amd64&#039;, os.version: &#039;6.1&#039;, java.version: &#039;1.8.0_40&#039;
Driver info: org.openqa.selenium.firefox.FirefoxDriver
Capabilities [{applicationCacheEnabled=true, rotatable=false, handlesAlerts=true, databaseEnabled=true, version=44.0.2, platform=WINDOWS, nativeEvents=false, acceptSslCerts=true, webStorageEnabled=true, locationContextEnabled=true, browserName=firefox, takesScreenshot=true, javascriptEnabled=true, cssSelectorsEnabled=true}]
Session ID: 5d60191d-a5b4-418a-8de4-3cd46de69737
*** Element info: {Using=partial link text, value=Interpretation Of Medical Literature }">
      <![CDATA[org.openqa.selenium.NoSuchElementException: Unable to locate element: {"method":"partial link text","selector":"Interpretation Of Medical Literature "}
Command duration or timeout: 80 milliseconds
For documentation on this error, please visit: http://seleniumhq.org/exceptions/no_such_element.html
Build info: version: '2.50.1', revision: 'd7fc91b', time: '2016-01-29 19:04:49'
System info: host: 'Fulcrum-THINK', ip: '192.168.32.255', os.name: 'Windows 7', os.arch: 'amd64', os.version: '6.1', java.version: '1.8.0_40'
Driver info: org.openqa.selenium.firefox.FirefoxDriver
Capabilities [{applicationCacheEnabled=true, rotatable=false, handlesAlerts=true, databaseEnabled=true, version=44.0.2, platform=WINDOWS, nativeEvents=false, acceptSslCerts=true, webStorageEnabled=true, locationContextEnabled=true, browserName=firefox, takesScreenshot=true, javascriptEnabled=true, cssSelectorsEnabled=true}]
Session ID: 5d60191d-a5b4-418a-8de4-3cd46de69737
*** Element info: {Using=partial link text, value=Interpretation Of Medical Literature }
	at sun.reflect.NativeConstructorAccessorImpl.newInstance0(Native Method)
	at sun.reflect.NativeConstructorAccessorImpl.newInstance(Unknown Source)
	at sun.reflect.DelegatingConstructorAccessorImpl.newInstance(Unknown Source)
	at java.lang.reflect.Constructor.newInstance(Unknown Source)
	at org.openqa.selenium.remote.ErrorHandler.createThrowable(ErrorHandler.java:206)
	at org.openqa.selenium.remote.ErrorHandler.throwIfResponseFailed(ErrorHandler.java:158)
	at org.openqa.selenium.remote.RemoteWebDriver.execute(RemoteWebDriver.java:678)
	at org.openqa.selenium.remote.RemoteWebDriver.findElement(RemoteWebDriver.java:363)
	at org.openqa.selenium.remote.RemoteWebDriver.findElementByPartialLinkText(RemoteWebDriver.java:436)
	at org.openqa.selenium.By$ByPartialLinkText.findElement(By.java:273)
	at org.openqa.selenium.remote.RemoteWebDriver.findElement(RemoteWebDriver.java:355)
	at testngpackage.NewTest.step3(NewTest.java:59)
	at sun.reflect.NativeMethodAccessorImpl.invoke0(Native Method)
	at sun.reflect.NativeMethodAccessorImpl.invoke(Unknown Source)
	at sun.reflect.DelegatingMethodAccessorImpl.invoke(Unknown Source)
	at java.lang.reflect.Method.invoke(Unknown Source)
	at org.testng.internal.MethodInvocationHelper.invokeMethod(MethodInvocationHelper.java:85)
	at org.testng.internal.Invoker.invokeMethod(Invoker.java:639)
	at org.testng.internal.Invoker.invokeTestMethod(Invoker.java:816)
	at org.testng.internal.Invoker.invokeTestMethods(Invoker.java:1124)
	at org.testng.internal.TestMethodWorker.invokeTestMethods(TestMethodWorker.java:125)
	at org.testng.internal.TestMethodWorker.run(TestMethodWorker.java:108)
	at org.testng.TestRunner.privateRun(TestRunner.java:774)
	at org.testng.TestRunner.run(TestRunner.java:624)
	at org.testng.SuiteRunner.runTest(SuiteRunner.java:359)
	at org.testng.SuiteRunner.runSequentially(SuiteRunner.java:354)
	at org.testng.SuiteRunner.privateRun(SuiteRunner.java:312)
	at org.testng.SuiteRunner.run(SuiteRunner.java:261)
	at org.testng.SuiteRunnerWorker.runSuite(SuiteRunnerWorker.java:52)
	at org.testng.SuiteRunnerWorker.run(SuiteRunnerWorker.java:86)
	at org.testng.TestNG.runSuitesSequentially(TestNG.java:1215)
	at org.testng.TestNG.runSuitesLocally(TestNG.java:1140)
	at org.testng.TestNG.run(TestNG.java:1048)
	at org.testng.remote.RemoteTestNG.run(RemoteTestNG.java:112)
	at org.testng.remote.RemoteTestNG.initAndRun(RemoteTestNG.java:205)
	at org.testng.remote.RemoteTestNG.main(RemoteTestNG.java:176)
Caused by: org.openqa.selenium.NoSuchElementException: Unable to locate element: {"method":"partial link text","selector":"Interpretation Of Medical Literature "}
For documentation on this error, please visit: http://seleniumhq.org/exceptions/no_such_element.html
Build info: version: '2.50.1', revision: 'd7fc91b', time: '2016-01-29 19:04:49'
System info: host: 'Fulcrum-THINK', ip: '192.168.32.255', os.name: 'Windows 7', os.arch: 'amd64', os.version: '6.1', java.version: '1.8.0_40'
Driver info: driver.version: unknown
	at <anonymous class>.FirefoxDriver.prototype.findElementInternal_(file:///C:/Users/FWIN01~1/AppData/Local/Temp/anonymous2512168001993153110webdriver-profile/extensions/fxdriver@googlecode.com/components/driver-component.js:10719)
	at <anonymous class>.FirefoxDriver.prototype.findElement(file:///C:/Users/FWIN01~1/AppData/Local/Temp/anonymous2512168001993153110webdriver-profile/extensions/fxdriver@googlecode.com/components/driver-component.js:10728)
	at <anonymous class>.DelayedCommand.prototype.executeInternal_/h(file:///C:/Users/FWIN01~1/AppData/Local/Temp/anonymous2512168001993153110webdriver-profile/extensions/fxdriver@googlecode.com/components/command-processor.js:12595)
	at <anonymous class>.DelayedCommand.prototype.executeInternal_(file:///C:/Users/FWIN01~1/AppData/Local/Temp/anonymous2512168001993153110webdriver-profile/extensions/fxdriver@googlecode.com/components/command-processor.js:12600)
	at <anonymous class>.DelayedCommand.prototype.execute/<(file:///C:/Users/FWIN01~1/AppData/Local/Temp/anonymous2512168001993153110webdriver-profile/extensions/fxdriver@googlecode.com/components/command-processor.js:12542)
	at <anonymous class>..send(https://qa-jasperwp.kaptest.com/modules/onlineprep/jquery/jquery.js:8102)
	at <anonymous class>..ajax(https://qa-jasperwp.kaptest.com/modules/onlineprep/jquery/jquery.js:7580)
	at <anonymous class>..findAll(https://qa-jasperwp.kaptest.com/modules/onlineprep/onlineprep/models/syllabus.js:28)
	at <anonymous class>..getDashboardResults(https://qa-jasperwp.kaptest.com/modules/onlineprep/onlineprep/controllers/dashboard/homedashboard/homedashboard.js:38)
	at <anonymous class>..readConfigData(https://qa-jasperwp.kaptest.com/modules/onlineprep/onlineprep/controllers/dashboard/homedashboard/homedashboard.js:193)
	at <anonymous class>.class_cb(https://qa-jasperwp.kaptest.com/modules/onlineprep/jquery/class/class.js:457)
	at <anonymous class>.jQuery.Callbacks/fire(https://qa-jasperwp.kaptest.com/modules/onlineprep/jquery/jquery.js:1046)
	at <anonymous class>.jQuery.Callbacks/self.fireWith(https://qa-jasperwp.kaptest.com/modules/onlineprep/jquery/jquery.js:1164)
	at <anonymous class>.done(https://qa-jasperwp.kaptest.com/modules/onlineprep/jquery/jquery.js:7399)
	at <anonymous class>..send/callback(https://qa-jasperwp.kaptest.com/modules/onlineprep/jquery/jquery.js:8180)
]]>
    </error>
  </testcase> <!-- step3 -->
</testsuite> <!-- testngpackage.NewTest -->
