<?xml version="1.0" encoding="UTF-8"?>
<testsuite name="Regression"
           tests="44"
           failures="9"
           errors="0"
           skipped="15"
           time="33599.040">
  <properties />
            <testcase name="afterMethod" time="0.000" classname="med.jasper.regression.DisplayVideotitle">
                <failure type="org.openqa.selenium.remote.UnreachableBrowserException"
                  message="Error communicating with the remote browser. It may have died.
Build info: version: &apos;2.41.0&apos;, revision: &apos;3192d8a6c4449dc285928ba024779344f5423c58&apos;, time: &apos;2014-03-27 11:29:39&apos;
System info: host: &apos;395-CNU40791QP&apos;, ip: &apos;172.16.248.138&apos;, os.name: &apos;Windows 7&apos;, os.arch: &apos;amd64&apos;, os.version: &apos;6.1&apos;, java.version: &apos;1.8.0_25&apos;
Driver info: driver.version: RemoteWebDriver"
              >
<![CDATA[org.openqa.selenium.remote.UnreachableBrowserException: Error communicating with the remote browser. It may have died.
Build info: version: '2.41.0', revision: '3192d8a6c4449dc285928ba024779344f5423c58', time: '2014-03-27 11:29:39'
System info: host: '395-CNU40791QP', ip: '172.16.248.138', os.name: 'Windows 7', os.arch: 'amd64', os.version: '6.1', java.version: '1.8.0_25'
Driver info: driver.version: RemoteWebDriver
  org.openqa.selenium.remote.RemoteWebDriver.execute(RemoteWebDriver.java:589)
  org.openqa.selenium.remote.RemoteWebDriver.execute(RemoteWebDriver.java:610)
  org.openqa.selenium.remote.RemoteWebDriver.quit(RemoteWebDriver.java:464)
  med.base.BaseScript.afterMethod(BaseScript.java:78)
  sun.reflect.GeneratedMethodAccessor10.invoke(Unknown Source)
  sun.reflect.DelegatingMethodAccessorImpl.invoke(Unknown Source)
  java.lang.reflect.Method.invoke(Unknown Source)
  org.testng.internal.MethodInvocationHelper.invokeMethod(MethodInvocationHelper.java:84)
  org.testng.internal.Invoker.invokeConfigurationMethod(Invoker.java:564)
  org.testng.internal.Invoker.invokeConfigurations(Invoker.java:213)
  org.testng.internal.Invoker.invokeMethod(Invoker.java:786)
  org.testng.internal.Invoker.invokeTestMethod(Invoker.java:901)
  org.testng.internal.Invoker.invokeTestMethods(Invoker.java:1231)
  org.testng.internal.TestMethodWorker.invokeTestMethods(TestMethodWorker.java:127)
  org.testng.internal.TestMethodWorker.run(TestMethodWorker.java:111)
  org.testng.TestRunner.privateRun(TestRunner.java:767)
  org.testng.TestRunner.run(TestRunner.java:617)
  org.testng.SuiteRunner.runTest(SuiteRunner.java:334)
  org.testng.SuiteRunner.access$000(SuiteRunner.java:37)
  org.testng.SuiteRunner$SuiteWorker.run(SuiteRunner.java:368)
  org.testng.internal.thread.ThreadUtil$2.call(ThreadUtil.java:64)
  java.util.concurrent.FutureTask.run(Unknown Source)
  java.util.concurrent.ThreadPoolExecutor.runWorker(Unknown Source)
  java.util.concurrent.ThreadPoolExecutor$Worker.run(Unknown Source)
  java.lang.Thread.run(Unknown Source)
Caused by: java.net.ConnectException: Connection refused: connect
  java.net.DualStackPlainSocketImpl.waitForConnect(Native Method)
  java.net.DualStackPlainSocketImpl.socketConnect(Unknown Source)
  java.net.AbstractPlainSocketImpl.doConnect(Unknown Source)
  java.net.AbstractPlainSocketImpl.connectToAddress(Unknown Source)
  java.net.AbstractPlainSocketImpl.connect(Unknown Source)
  java.net.PlainSocketImpl.connect(Unknown Source)
  java.net.SocksSocketImpl.connect(Unknown Source)
  java.net.Socket.connect(Unknown Source)
  org.apache.http.conn.scheme.PlainSocketFactory.connectSocket(PlainSocketFactory.java:117)
  org.apache.http.impl.conn.DefaultClientConnectionOperator.openConnection(DefaultClientConnectionOperator.java:178)
  org.apache.http.impl.conn.AbstractPoolEntry.open(AbstractPoolEntry.java:144)
  org.apache.http.impl.conn.AbstractPooledConnAdapter.open(AbstractPooledConnAdapter.java:131)
  org.apache.http.impl.client.DefaultRequestDirector.tryConnect(DefaultRequestDirector.java:610)
  org.apache.http.impl.client.DefaultRequestDirector.execute(DefaultRequestDirector.java:445)
  org.apache.http.impl.client.AbstractHttpClient.doExecute(AbstractHttpClient.java:863)
  org.apache.http.impl.client.CloseableHttpClient.execute(CloseableHttpClient.java:72)
  org.apache.http.impl.client.CloseableHttpClient.execute(CloseableHttpClient.java:57)
  org.openqa.selenium.remote.HttpCommandExecutor.fallBackExecute(HttpCommandExecutor.java:322)
  org.openqa.selenium.remote.HttpCommandExecutor.execute(HttpCommandExecutor.java:301)
  org.openqa.selenium.firefox.internal.NewProfileExtensionConnection.execute(NewProfileExtensionConnection.java:165)
  org.openqa.selenium.firefox.FirefoxDriver$LazyCommandExecutor.execute(FirefoxDriver.java:362)
  org.openqa.selenium.remote.RemoteWebDriver.execute(RemoteWebDriver.java:568)
  org.openqa.selenium.remote.RemoteWebDriver.execute(RemoteWebDriver.java:610)
  org.openqa.selenium.remote.RemoteWebDriver.quit(RemoteWebDriver.java:464)
  med.base.BaseScript.afterMethod(BaseScript.java:78)
  sun.reflect.GeneratedMethodAccessor10.invoke(Unknown Source)
  sun.reflect.DelegatingMethodAccessorImpl.invoke(Unknown Source)
  java.lang.reflect.Method.invoke(Unknown Source)
  org.testng.internal.MethodInvocationHelper.invokeMethod(MethodInvocationHelper.java:84)
  org.testng.internal.Invoker.invokeConfigurationMethod(Invoker.java:564)
  org.testng.internal.Invoker.invokeConfigurations(Invoker.java:213)
  org.testng.internal.Invoker.invokeMethod(Invoker.java:786)
  org.testng.internal.Invoker.invokeTestMethod(Invoker.java:901)
  org.testng.internal.Invoker.invokeTestMethods(Invoker.java:1231)
  org.testng.internal.TestMethodWorker.invokeTestMethods(TestMethodWorker.java:127)
  org.testng.internal.TestMethodWorker.run(TestMethodWorker.java:111)
  org.testng.TestRunner.privateRun(TestRunner.java:767)
  org.testng.TestRunner.run(TestRunner.java:617)
  org.testng.SuiteRunner.runTest(SuiteRunner.java:334)
  org.testng.SuiteRunner.access$000(SuiteRunner.java:37)
  org.testng.SuiteRunner$SuiteWorker.run(SuiteRunner.java:368)
  org.testng.internal.thread.ThreadUtil$2.call(ThreadUtil.java:64)
  java.util.concurrent.FutureTask.run(Unknown Source)
  java.util.concurrent.ThreadPoolExecutor.runWorker(Unknown Source)
  java.util.concurrent.ThreadPoolExecutor$Worker.run(Unknown Source)
  java.lang.Thread.run(Unknown Source)
]]>
      </failure>

          </testcase>
            <testcase name="VerifyDisplayInfectiousDiseaseVideotitle" time="3526.926" classname="med.jasper.regression.DisplayVideotitle">
                <failure type="junit.framework.ComparisonFailure"
                  message="expected:&lt;...se - RNA Viruses - T[ORCH]S Infections&gt; but was:&lt;...se - RNA Viruses - T[oRCHe]S Infections&gt;"
              >
<![CDATA[junit.framework.ComparisonFailure: expected:<...se - RNA Viruses - T[ORCH]S Infections> but was:<...se - RNA Viruses - T[oRCHe]S Infections>
  junit.framework.Assert.assertEquals(Assert.java:85)
  junit.framework.Assert.assertEquals(Assert.java:91)
  med.jasper.model.JasperHomePageModel.clickOnVideoTitle(JasperHomePageModel.java:317)
  med.jasper.model.JasperHomePageModel.clickOnMol(JasperHomePageModel.java:158)
  med.jasper.controller.JasperHomePageController.verifyDisplayInfectiousDiseaseVideotitle(JasperHomePageController.java:204)
  med.jasper.regression.DisplayVideotitle.VerifyDisplayInfectiousDiseaseVideotitle(DisplayVideotitle.java:30)
  sun.reflect.NativeMethodAccessorImpl.invoke0(Native Method)
  sun.reflect.NativeMethodAccessorImpl.invoke(Unknown Source)
  sun.reflect.DelegatingMethodAccessorImpl.invoke(Unknown Source)
  java.lang.reflect.Method.invoke(Unknown Source)
  org.testng.internal.MethodInvocationHelper.invokeMethod(MethodInvocationHelper.java:84)
  org.testng.internal.Invoker.invokeMethod(Invoker.java:714)
  org.testng.internal.Invoker.invokeTestMethod(Invoker.java:901)
  org.testng.internal.Invoker.invokeTestMethods(Invoker.java:1231)
  org.testng.internal.TestMethodWorker.invokeTestMethods(TestMethodWorker.java:127)
  org.testng.internal.TestMethodWorker.run(TestMethodWorker.java:111)
  org.testng.TestRunner.privateRun(TestRunner.java:767)
  org.testng.TestRunner.run(TestRunner.java:617)
  org.testng.SuiteRunner.runTest(SuiteRunner.java:334)
  org.testng.SuiteRunner.access$000(SuiteRunner.java:37)
  org.testng.SuiteRunner$SuiteWorker.run(SuiteRunner.java:368)
  org.testng.internal.thread.ThreadUtil$2.call(ThreadUtil.java:64)
  java.util.concurrent.FutureTask.run(Unknown Source)
  java.util.concurrent.ThreadPoolExecutor.runWorker(Unknown Source)
  java.util.concurrent.ThreadPoolExecutor$Worker.run(Unknown Source)
  java.lang.Thread.run(Unknown Source)
]]>
      </failure>

          </testcase>
            <testcase name="VerifyGastroenterologyVideoDuration" time="826.042" classname="med.jasper.regression.DisplayVideotitle">
                <failure type="junit.framework.ComparisonFailure"
                  message="expected:&lt;00:02:[29]&gt; but was:&lt;00:02:[30]&gt;"
              >
<![CDATA[junit.framework.ComparisonFailure: expected:<00:02:[29]> but was:<00:02:[30]>
  junit.framework.Assert.assertEquals(Assert.java:85)
  junit.framework.Assert.assertEquals(Assert.java:91)
  med.jasper.model.JasperHomePageModel.clicVideoTime(JasperHomePageModel.java:395)
  med.jasper.model.JasperHomePageModel.clickDisplayTime(JasperHomePageModel.java:368)
  med.jasper.controller.JasperHomePageController.verifyGastroenterologyVideoDuration(JasperHomePageController.java:333)
  med.jasper.regression.DisplayVideotitle.VerifyGastroenterologyVideoDuration(DisplayVideotitle.java:104)
  sun.reflect.NativeMethodAccessorImpl.invoke0(Native Method)
  sun.reflect.NativeMethodAccessorImpl.invoke(Unknown Source)
  sun.reflect.DelegatingMethodAccessorImpl.invoke(Unknown Source)
  java.lang.reflect.Method.invoke(Unknown Source)
  org.testng.internal.MethodInvocationHelper.invokeMethod(MethodInvocationHelper.java:84)
  org.testng.internal.Invoker.invokeMethod(Invoker.java:714)
  org.testng.internal.Invoker.invokeTestMethod(Invoker.java:901)
  org.testng.internal.Invoker.invokeTestMethods(Invoker.java:1231)
  org.testng.internal.TestMethodWorker.invokeTestMethods(TestMethodWorker.java:127)
  org.testng.internal.TestMethodWorker.run(TestMethodWorker.java:111)
  org.testng.TestRunner.privateRun(TestRunner.java:767)
  org.testng.TestRunner.run(TestRunner.java:617)
  org.testng.SuiteRunner.runTest(SuiteRunner.java:334)
  org.testng.SuiteRunner.access$000(SuiteRunner.java:37)
  org.testng.SuiteRunner$SuiteWorker.run(SuiteRunner.java:368)
  org.testng.internal.thread.ThreadUtil$2.call(ThreadUtil.java:64)
  java.util.concurrent.FutureTask.run(Unknown Source)
  java.util.concurrent.ThreadPoolExecutor.runWorker(Unknown Source)
  java.util.concurrent.ThreadPoolExecutor$Worker.run(Unknown Source)
  java.lang.Thread.run(Unknown Source)
]]>
      </failure>

          </testcase>
            <testcase name="VerifyDisplayBehavioralMedicineVideotitle" time="3001.841" classname="med.jasper.regression.DisplayVideotitle">
                <failure type="junit.framework.ComparisonFailure"
                  message="expected:&lt;...Related Disorders - [Generalized] Anxiety Disorder&gt; but was:&lt;...Related Disorders - [Illness] Anxiety Disorder&gt;"
              >
<![CDATA[junit.framework.ComparisonFailure: expected:<...Related Disorders - [Generalized] Anxiety Disorder> but was:<...Related Disorders - [Illness] Anxiety Disorder>
  junit.framework.Assert.assertEquals(Assert.java:85)
  junit.framework.Assert.assertEquals(Assert.java:91)
  med.jasper.model.JasperHomePageModel.clickOnVideoTitle(JasperHomePageModel.java:317)
  med.jasper.model.JasperHomePageModel.clickOnMol(JasperHomePageModel.java:158)
  med.jasper.controller.JasperHomePageController.verifyDisplayBehavioralMedicineVideotitle(JasperHomePageController.java:224)
  med.jasper.regression.DisplayVideotitle.VerifyDisplayBehavioralMedicineVideotitle(DisplayVideotitle.java:42)
  sun.reflect.NativeMethodAccessorImpl.invoke0(Native Method)
  sun.reflect.NativeMethodAccessorImpl.invoke(Unknown Source)
  sun.reflect.DelegatingMethodAccessorImpl.invoke(Unknown Source)
  java.lang.reflect.Method.invoke(Unknown Source)
  org.testng.internal.MethodInvocationHelper.invokeMethod(MethodInvocationHelper.java:84)
  org.testng.internal.Invoker.invokeMethod(Invoker.java:714)
  org.testng.internal.Invoker.invokeTestMethod(Invoker.java:901)
  org.testng.internal.Invoker.invokeTestMethods(Invoker.java:1231)
  org.testng.internal.TestMethodWorker.invokeTestMethods(TestMethodWorker.java:127)
  org.testng.internal.TestMethodWorker.run(TestMethodWorker.java:111)
  org.testng.TestRunner.privateRun(TestRunner.java:767)
  org.testng.TestRunner.run(TestRunner.java:617)
  org.testng.SuiteRunner.runTest(SuiteRunner.java:334)
  org.testng.SuiteRunner.access$000(SuiteRunner.java:37)
  org.testng.SuiteRunner$SuiteWorker.run(SuiteRunner.java:368)
  org.testng.internal.thread.ThreadUtil$2.call(ThreadUtil.java:64)
  java.util.concurrent.FutureTask.run(Unknown Source)
  java.util.concurrent.ThreadPoolExecutor.runWorker(Unknown Source)
  java.util.concurrent.ThreadPoolExecutor$Worker.run(Unknown Source)
  java.lang.Thread.run(Unknown Source)
]]>
      </failure>

          </testcase>
            <testcase name="VerifyDisplayReproductiveMedicineVideotitle" time="142.641" classname="med.jasper.regression.DisplayVideotitle">
                <failure type="junit.framework.ComparisonFailure"
                  message="expected:&lt;...t II - Hypergonadotr[o]pic Hypogonadism&gt; but was:&lt;...t II - Hypergonadotr[]pic Hypogonadism&gt;"
              >
<![CDATA[junit.framework.ComparisonFailure: expected:<...t II - Hypergonadotr[o]pic Hypogonadism> but was:<...t II - Hypergonadotr[]pic Hypogonadism>
  junit.framework.Assert.assertEquals(Assert.java:85)
  junit.framework.Assert.assertEquals(Assert.java:91)
  med.jasper.model.JasperHomePageModel.clickOnVideoTitle(JasperHomePageModel.java:317)
  med.jasper.model.JasperHomePageModel.clickOnMol(JasperHomePageModel.java:158)
  med.jasper.controller.JasperHomePageController.verifyDisplayReproductiveMedicineVideotitle(JasperHomePageController.java:304)
  med.jasper.regression.DisplayVideotitle.VerifyDisplayReproductiveMedicineVideotitle(DisplayVideotitle.java:89)
  sun.reflect.NativeMethodAccessorImpl.invoke0(Native Method)
  sun.reflect.NativeMethodAccessorImpl.invoke(Unknown Source)
  sun.reflect.DelegatingMethodAccessorImpl.invoke(Unknown Source)
  java.lang.reflect.Method.invoke(Unknown Source)
  org.testng.internal.MethodInvocationHelper.invokeMethod(MethodInvocationHelper.java:84)
  org.testng.internal.Invoker.invokeMethod(Invoker.java:714)
  org.testng.internal.Invoker.invokeTestMethod(Invoker.java:901)
  org.testng.internal.Invoker.invokeTestMethods(Invoker.java:1231)
  org.testng.internal.TestMethodWorker.invokeTestMethods(TestMethodWorker.java:127)
  org.testng.internal.TestMethodWorker.run(TestMethodWorker.java:111)
  org.testng.TestRunner.privateRun(TestRunner.java:767)
  org.testng.TestRunner.run(TestRunner.java:617)
  org.testng.SuiteRunner.runTest(SuiteRunner.java:334)
  org.testng.SuiteRunner.access$000(SuiteRunner.java:37)
  org.testng.SuiteRunner$SuiteWorker.run(SuiteRunner.java:368)
  org.testng.internal.thread.ThreadUtil$2.call(ThreadUtil.java:64)
  java.util.concurrent.FutureTask.run(Unknown Source)
  java.util.concurrent.ThreadPoolExecutor.runWorker(Unknown Source)
  java.util.concurrent.ThreadPoolExecutor$Worker.run(Unknown Source)
  java.lang.Thread.run(Unknown Source)
]]>
      </failure>

          </testcase>
            <testcase name="VerifyCardiologyVideoDuration" time="327.376" classname="med.jasper.regression.DisplayVideotitle">
                <failure type="junit.framework.ComparisonFailure"
                  message="expected:&lt;00:20:1[2]&gt; but was:&lt;00:20:1[3]&gt;"
              >
<![CDATA[junit.framework.ComparisonFailure: expected:<00:20:1[2]> but was:<00:20:1[3]>
  junit.framework.Assert.assertEquals(Assert.java:85)
  junit.framework.Assert.assertEquals(Assert.java:91)
  med.jasper.model.JasperHomePageModel.clicVideoTime(JasperHomePageModel.java:395)
  med.jasper.model.JasperHomePageModel.clickDisplayTime(JasperHomePageModel.java:368)
  med.jasper.controller.JasperHomePageController.verifyCardiologyVideoDuration(JasperHomePageController.java:324)
  med.jasper.regression.DisplayVideotitle.VerifyCardiologyVideoDuration(DisplayVideotitle.java:100)
  sun.reflect.NativeMethodAccessorImpl.invoke0(Native Method)
  sun.reflect.NativeMethodAccessorImpl.invoke(Unknown Source)
  sun.reflect.DelegatingMethodAccessorImpl.invoke(Unknown Source)
  java.lang.reflect.Method.invoke(Unknown Source)
  org.testng.internal.MethodInvocationHelper.invokeMethod(MethodInvocationHelper.java:84)
  org.testng.internal.Invoker.invokeMethod(Invoker.java:714)
  org.testng.internal.Invoker.invokeTestMethod(Invoker.java:901)
  org.testng.internal.Invoker.invokeTestMethods(Invoker.java:1231)
  org.testng.internal.TestMethodWorker.invokeTestMethods(TestMethodWorker.java:127)
  org.testng.internal.TestMethodWorker.run(TestMethodWorker.java:111)
  org.testng.TestRunner.privateRun(TestRunner.java:767)
  org.testng.TestRunner.run(TestRunner.java:617)
  org.testng.SuiteRunner.runTest(SuiteRunner.java:334)
  org.testng.SuiteRunner.access$000(SuiteRunner.java:37)
  org.testng.SuiteRunner$SuiteWorker.run(SuiteRunner.java:368)
  org.testng.internal.thread.ThreadUtil$2.call(ThreadUtil.java:64)
  java.util.concurrent.FutureTask.run(Unknown Source)
  java.util.concurrent.ThreadPoolExecutor.runWorker(Unknown Source)
  java.util.concurrent.ThreadPoolExecutor$Worker.run(Unknown Source)
  java.lang.Thread.run(Unknown Source)
]]>
      </failure>

          </testcase>
            <testcase name="VerifyDisplayCardiologyVideotitle" time="274.398" classname="med.jasper.regression.DisplayVideotitle">
                <failure type="junit.framework.ComparisonFailure"
                  message="expected:&lt;...s - Class I antiarrh[y]thmics&gt; but was:&lt;...s - Class I antiarrh[i]thmics&gt;"
              >
<![CDATA[junit.framework.ComparisonFailure: expected:<...s - Class I antiarrh[y]thmics> but was:<...s - Class I antiarrh[i]thmics>
  junit.framework.Assert.assertEquals(Assert.java:85)
  junit.framework.Assert.assertEquals(Assert.java:91)
  med.jasper.model.JasperHomePageModel.clickOnVideoTitle(JasperHomePageModel.java:317)
  med.jasper.model.JasperHomePageModel.clickOnMol(JasperHomePageModel.java:158)
  med.jasper.controller.JasperHomePageController.verifyDisplayCardiologyVideotitle(JasperHomePageController.java:264)
  med.jasper.regression.DisplayVideotitle.VerifyDisplayCardiologyVideotitle(DisplayVideotitle.java:65)
  sun.reflect.NativeMethodAccessorImpl.invoke0(Native Method)
  sun.reflect.NativeMethodAccessorImpl.invoke(Unknown Source)
  sun.reflect.DelegatingMethodAccessorImpl.invoke(Unknown Source)
  java.lang.reflect.Method.invoke(Unknown Source)
  org.testng.internal.MethodInvocationHelper.invokeMethod(MethodInvocationHelper.java:84)
  org.testng.internal.Invoker.invokeMethod(Invoker.java:714)
  org.testng.internal.Invoker.invokeTestMethod(Invoker.java:901)
  org.testng.internal.Invoker.invokeTestMethods(Invoker.java:1231)
  org.testng.internal.TestMethodWorker.invokeTestMethods(TestMethodWorker.java:127)
  org.testng.internal.TestMethodWorker.run(TestMethodWorker.java:111)
  org.testng.TestRunner.privateRun(TestRunner.java:767)
  org.testng.TestRunner.run(TestRunner.java:617)
  org.testng.SuiteRunner.runTest(SuiteRunner.java:334)
  org.testng.SuiteRunner.access$000(SuiteRunner.java:37)
  org.testng.SuiteRunner$SuiteWorker.run(SuiteRunner.java:368)
  org.testng.internal.thread.ThreadUtil$2.call(ThreadUtil.java:64)
  java.util.concurrent.FutureTask.run(Unknown Source)
  java.util.concurrent.ThreadPoolExecutor.runWorker(Unknown Source)
  java.util.concurrent.ThreadPoolExecutor$Worker.run(Unknown Source)
  java.lang.Thread.run(Unknown Source)
]]>
      </failure>

          </testcase>
            <testcase name="VerifyNephrologyVideoDuration" time="32.777" classname="med.jasper.regression.DisplayVideotitle">
                <failure type="org.openqa.selenium.remote.UnreachableBrowserException"
                  message="Error communicating with the remote browser. It may have died.
Build info: version: &apos;2.41.0&apos;, revision: &apos;3192d8a6c4449dc285928ba024779344f5423c58&apos;, time: &apos;2014-03-27 11:29:39&apos;
System info: host: &apos;395-CNU40791QP&apos;, ip: &apos;172.16.248.138&apos;, os.name: &apos;Windows 7&apos;, os.arch: &apos;amd64&apos;, os.version: &apos;6.1&apos;, java.version: &apos;1.8.0_25&apos;
Driver info: driver.version: RemoteWebDriver"
              >
<![CDATA[org.openqa.selenium.remote.UnreachableBrowserException: Error communicating with the remote browser. It may have died.
Build info: version: '2.41.0', revision: '3192d8a6c4449dc285928ba024779344f5423c58', time: '2014-03-27 11:29:39'
System info: host: '395-CNU40791QP', ip: '172.16.248.138', os.name: 'Windows 7', os.arch: 'amd64', os.version: '6.1', java.version: '1.8.0_25'
Driver info: driver.version: RemoteWebDriver
  org.openqa.selenium.remote.RemoteWebDriver.execute(RemoteWebDriver.java:589)
  org.openqa.selenium.remote.RemoteWebElement.execute(RemoteWebElement.java:268)
  org.openqa.selenium.remote.RemoteWebElement.click(RemoteWebElement.java:79)
  med.OLP.model.OLPLogInPageModel.clickLogIn(OLPLogInPageModel.java:31)
  med.jasper.controller.JasperLogInPageController.logInOLPPage(JasperLogInPageController.java:33)
  med.jasper.regression.DisplayVideotitle.VerifyNephrologyVideoDuration(DisplayVideotitle.java:111)
  sun.reflect.NativeMethodAccessorImpl.invoke0(Native Method)
  sun.reflect.NativeMethodAccessorImpl.invoke(Unknown Source)
  sun.reflect.DelegatingMethodAccessorImpl.invoke(Unknown Source)
  java.lang.reflect.Method.invoke(Unknown Source)
  org.testng.internal.MethodInvocationHelper.invokeMethod(MethodInvocationHelper.java:84)
  org.testng.internal.Invoker.invokeMethod(Invoker.java:714)
  org.testng.internal.Invoker.invokeTestMethod(Invoker.java:901)
  org.testng.internal.Invoker.invokeTestMethods(Invoker.java:1231)
  org.testng.internal.TestMethodWorker.invokeTestMethods(TestMethodWorker.java:127)
  org.testng.internal.TestMethodWorker.run(TestMethodWorker.java:111)
  org.testng.TestRunner.privateRun(TestRunner.java:767)
  org.testng.TestRunner.run(TestRunner.java:617)
  org.testng.SuiteRunner.runTest(SuiteRunner.java:334)
  org.testng.SuiteRunner.access$000(SuiteRunner.java:37)
  org.testng.SuiteRunner$SuiteWorker.run(SuiteRunner.java:368)
  org.testng.internal.thread.ThreadUtil$2.call(ThreadUtil.java:64)
  java.util.concurrent.FutureTask.run(Unknown Source)
  java.util.concurrent.ThreadPoolExecutor.runWorker(Unknown Source)
  java.util.concurrent.ThreadPoolExecutor$Worker.run(Unknown Source)
  java.lang.Thread.run(Unknown Source)
Caused by: java.net.ConnectException: Connection refused: connect
  java.net.DualStackPlainSocketImpl.waitForConnect(Native Method)
  java.net.DualStackPlainSocketImpl.socketConnect(Unknown Source)
  java.net.AbstractPlainSocketImpl.doConnect(Unknown Source)
  java.net.AbstractPlainSocketImpl.connectToAddress(Unknown Source)
  java.net.AbstractPlainSocketImpl.connect(Unknown Source)
  java.net.PlainSocketImpl.connect(Unknown Source)
  java.net.SocksSocketImpl.connect(Unknown Source)
  java.net.Socket.connect(Unknown Source)
  org.apache.http.conn.scheme.PlainSocketFactory.connectSocket(PlainSocketFactory.java:117)
  org.apache.http.impl.conn.DefaultClientConnectionOperator.openConnection(DefaultClientConnectionOperator.java:178)
  org.apache.http.impl.conn.AbstractPoolEntry.open(AbstractPoolEntry.java:144)
  org.apache.http.impl.conn.AbstractPooledConnAdapter.open(AbstractPooledConnAdapter.java:131)
  org.apache.http.impl.client.DefaultRequestDirector.tryConnect(DefaultRequestDirector.java:610)
  org.apache.http.impl.client.DefaultRequestDirector.execute(DefaultRequestDirector.java:445)
  org.apache.http.impl.client.AbstractHttpClient.doExecute(AbstractHttpClient.java:863)
  org.apache.http.impl.client.CloseableHttpClient.execute(CloseableHttpClient.java:72)
  org.apache.http.impl.client.CloseableHttpClient.execute(CloseableHttpClient.java:57)
  org.openqa.selenium.remote.HttpCommandExecutor.fallBackExecute(HttpCommandExecutor.java:340)
  org.openqa.selenium.remote.HttpCommandExecutor.execute(HttpCommandExecutor.java:301)
  org.openqa.selenium.firefox.internal.NewProfileExtensionConnection.execute(NewProfileExtensionConnection.java:165)
  org.openqa.selenium.firefox.FirefoxDriver$LazyCommandExecutor.execute(FirefoxDriver.java:362)
  org.openqa.selenium.remote.RemoteWebDriver.execute(RemoteWebDriver.java:568)
  org.openqa.selenium.remote.RemoteWebElement.execute(RemoteWebElement.java:268)
  org.openqa.selenium.remote.RemoteWebElement.click(RemoteWebElement.java:79)
  med.OLP.model.OLPLogInPageModel.clickLogIn(OLPLogInPageModel.java:31)
  med.jasper.controller.JasperLogInPageController.logInOLPPage(JasperLogInPageController.java:33)
  med.jasper.regression.DisplayVideotitle.VerifyNephrologyVideoDuration(DisplayVideotitle.java:111)
  sun.reflect.NativeMethodAccessorImpl.invoke0(Native Method)
  sun.reflect.NativeMethodAccessorImpl.invoke(Unknown Source)
  sun.reflect.DelegatingMethodAccessorImpl.invoke(Unknown Source)
  java.lang.reflect.Method.invoke(Unknown Source)
  org.testng.internal.MethodInvocationHelper.invokeMethod(MethodInvocationHelper.java:84)
  org.testng.internal.Invoker.invokeMethod(Invoker.java:714)
  org.testng.internal.Invoker.invokeTestMethod(Invoker.java:901)
  org.testng.internal.Invoker.invokeTestMethods(Invoker.java:1231)
  org.testng.internal.TestMethodWorker.invokeTestMethods(TestMethodWorker.java:127)
  org.testng.internal.TestMethodWorker.run(TestMethodWorker.java:111)
  org.testng.TestRunner.privateRun(TestRunner.java:767)
  org.testng.TestRunner.run(TestRunner.java:617)
  org.testng.SuiteRunner.runTest(SuiteRunner.java:334)
  org.testng.SuiteRunner.access$000(SuiteRunner.java:37)
  org.testng.SuiteRunner$SuiteWorker.run(SuiteRunner.java:368)
  org.testng.internal.thread.ThreadUtil$2.call(ThreadUtil.java:64)
  java.util.concurrent.FutureTask.run(Unknown Source)
  java.util.concurrent.ThreadPoolExecutor.runWorker(Unknown Source)
  java.util.concurrent.ThreadPoolExecutor$Worker.run(Unknown Source)
  java.lang.Thread.run(Unknown Source)
]]>
      </failure>

          </testcase>
            <testcase name="VerifyEndocrinologyVideoDuration" time="443.866" classname="med.jasper.regression.DisplayVideotitle">
                <failure type="junit.framework.ComparisonFailure"
                  message="expected:&lt;00:00:[29]&gt; but was:&lt;00:00:[30]&gt;"
              >
<![CDATA[junit.framework.ComparisonFailure: expected:<00:00:[29]> but was:<00:00:[30]>
  junit.framework.Assert.assertEquals(Assert.java:85)
  junit.framework.Assert.assertEquals(Assert.java:91)
  med.jasper.model.JasperHomePageModel.clicVideoTime(JasperHomePageModel.java:395)
  med.jasper.model.JasperHomePageModel.clickDisplayTime(JasperHomePageModel.java:368)
  med.jasper.controller.JasperHomePageController.verifyEndocrinologyVideoDuration(JasperHomePageController.java:342)
  med.jasper.regression.DisplayVideotitle.VerifyEndocrinologyVideoDuration(DisplayVideotitle.java:108)
  sun.reflect.NativeMethodAccessorImpl.invoke0(Native Method)
  sun.reflect.NativeMethodAccessorImpl.invoke(Unknown Source)
  sun.reflect.DelegatingMethodAccessorImpl.invoke(Unknown Source)
  java.lang.reflect.Method.invoke(Unknown Source)
  org.testng.internal.MethodInvocationHelper.invokeMethod(MethodInvocationHelper.java:84)
  org.testng.internal.Invoker.invokeMethod(Invoker.java:714)
  org.testng.internal.Invoker.invokeTestMethod(Invoker.java:901)
  org.testng.internal.Invoker.invokeTestMethods(Invoker.java:1231)
  org.testng.internal.TestMethodWorker.invokeTestMethods(TestMethodWorker.java:127)
  org.testng.internal.TestMethodWorker.run(TestMethodWorker.java:111)
  org.testng.TestRunner.privateRun(TestRunner.java:767)
  org.testng.TestRunner.run(TestRunner.java:617)
  org.testng.SuiteRunner.runTest(SuiteRunner.java:334)
  org.testng.SuiteRunner.access$000(SuiteRunner.java:37)
  org.testng.SuiteRunner$SuiteWorker.run(SuiteRunner.java:368)
  org.testng.internal.thread.ThreadUtil$2.call(ThreadUtil.java:64)
  java.util.concurrent.FutureTask.run(Unknown Source)
  java.util.concurrent.ThreadPoolExecutor.runWorker(Unknown Source)
  java.util.concurrent.ThreadPoolExecutor$Worker.run(Unknown Source)
  java.lang.Thread.run(Unknown Source)
]]>
      </failure>

          </testcase>
  
            <testcase name="afterMethod" time="0.0" classname="med.jasper.regression.DisplayVideotitle">
          <skipped />
    </testcase>
            <testcase name="beforeMethod" time="0.0" classname="med.jasper.regression.DisplayVideotitle">
          <skipped />
    </testcase>
            <testcase name="beforeMethod" time="0.0" classname="med.jasper.regression.DisplayVideotitle">
          <skipped />
    </testcase>
            <testcase name="afterMethod" time="0.0" classname="med.jasper.regression.DisplayVideotitle">
          <skipped />
    </testcase>
            <testcase name="beforeMethod" time="0.0" classname="med.jasper.regression.DisplayVideotitle">
          <skipped />
    </testcase>
            <testcase name="afterMethod" time="0.0" classname="med.jasper.regression.DisplayVideotitle">
          <skipped />
    </testcase>
            <testcase name="beforeMethod" time="0.0" classname="med.jasper.regression.DisplayVideotitle">
          <skipped />
    </testcase>
            <testcase name="afterMethod" time="0.0" classname="med.jasper.regression.DisplayVideotitle">
          <skipped />
    </testcase>
            <testcase name="afterMethod" time="0.0" classname="med.jasper.regression.DisplayVideotitle">
          <skipped />
    </testcase>
            <testcase name="beforeMethod" time="0.0" classname="med.jasper.regression.DisplayVideotitle">
          <skipped />
    </testcase>
            <testcase name="VerifyPReproductiveMedicineVideoDuration" time="0.0" classname="med.jasper.regression.DisplayVideotitle">
          <skipped />
    </testcase>
            <testcase name="VerifyPharmacologyVideoDuration" time="0.0" classname="med.jasper.regression.DisplayVideotitle">
          <skipped />
    </testcase>
            <testcase name="vverifyDisplayNeuroscienceQuiztitle" time="0.0" classname="med.jasper.regression.DisplayVideotitle">
          <skipped />
    </testcase>
            <testcase name="verifyDisplayBiochemistryQuiztitle" time="0.0" classname="med.jasper.regression.DisplayVideotitle">
          <skipped />
    </testcase>
            <testcase name="verifyDisplayReproductiveQuiztitle" time="0.0" classname="med.jasper.regression.DisplayVideotitle">
          <skipped />
    </testcase>
  
            <testcase name="VerifyDisplayBiochemistryVideotitle" time="3067.394" classname="med.jasper.regression.DisplayVideotitle" />
                <testcase name="VerifyDisplayImmunologyQuiztitle" time="1534.177" classname="med.jasper.regression.DisplayVideotitle" />
                <testcase name="VerifyDisplayEndocrinologyQuiztitle" time="703.140" classname="med.jasper.regression.DisplayVideotitle" />
                <testcase name="VerifyDisplayRespiratoryQuiztitle" time="336.810" classname="med.jasper.regression.DisplayVideotitle" />
                <testcase name="VerifyDisplayBehavioralQuiztitle" time="1187.165" classname="med.jasper.regression.DisplayVideotitle" />
                <testcase name="VerifyDisplayNeuroscienceVideotitle" time="6593.769" classname="med.jasper.regression.DisplayVideotitle" />
                <testcase name="VerifyDisplayEpidemiologyQuiztitle" time="244.167" classname="med.jasper.regression.DisplayVideotitle" />
                <testcase name="VerifyDisplayImmunologyVideotitle" time="3824.263" classname="med.jasper.regression.DisplayVideotitle" />
                <testcase name="VerifyDisplayMusculoskeletalQuiztitle" time="850.295" classname="med.jasper.regression.DisplayVideotitle" />
                <testcase name="VerifyDisplayEpidemiologyVideotitle" time="78.411" classname="med.jasper.regression.DisplayVideotitle" />
                <testcase name="VerifyDisplayPharmacologyVideotitle" time="83.091" classname="med.jasper.regression.DisplayVideotitle" />
                <testcase name="VerifyDisplayNephrologyQuiztitle" time="659.744" classname="med.jasper.regression.DisplayVideotitle" />
                <testcase name="VerifyDisplayInfectiousDiseaseQuiztitle" time="1375.952" classname="med.jasper.regression.DisplayVideotitle" />
                <testcase name="VerifyDisplayCardiologyQuiztitle" time="600.112" classname="med.jasper.regression.DisplayVideotitle" />
                <testcase name="VerifyDisplayEndocrinologyVideotitle" time="852.554" classname="med.jasper.regression.DisplayVideotitle" />
                <testcase name="VerifyDisplayGastroenterologyQuiztitle" time="581.924" classname="med.jasper.regression.DisplayVideotitle" />
                <testcase name="VerifyDisplayGastroenterologyVideotitle" time="78.359" classname="med.jasper.regression.DisplayVideotitle" />
                <testcase name="VerifyDisplayNephrologyVideotitle" time="327.870" classname="med.jasper.regression.DisplayVideotitle" />
                <testcase name="VerifyDisplayPharmacologyQuiztitle" time="308.743" classname="med.jasper.regression.DisplayVideotitle" />
                <testcase name="VerifyDisplayMusculoskeletalVideotitle" time="1735.233" classname="med.jasper.regression.DisplayVideotitle" />
      
</testsuite>
