<?xml version="1.0" encoding="UTF-8"?>
<!-- Generated by org.testng.reporters.JUnitXMLReporter -->
<testsuite hostname="395-CNU40791QP" name="Regression" tests="56" failures="8" timestamp="30 Dec 2014 14:34:49 GMT" time="58227.825" errors="0">
  <testcase name="@AfterMethod afterMethod" time="0.0" classname="med.jasper.regression.DisplayVideotitle">
    <failure type="org.openqa.selenium.remote.UnreachableBrowserException" message="Error communicating with the remote browser. It may have died.
Build info: version: &amp;apos;2.41.0&amp;apos;, revision: &amp;apos;3192d8a6c4449dc285928ba024779344f5423c58&amp;apos;, time: &amp;apos;2014-03-27 11:29:39&amp;apos;
System info: host: &amp;apos;395-CNU40791QP&amp;apos;, ip: &amp;apos;172.16.248.138&amp;apos;, os.name: &amp;apos;Windows 7&amp;apos;, os.arch: &amp;apos;amd64&amp;apos;, os.version: &amp;apos;6.1&amp;apos;, java.version: &amp;apos;1.8.0_25&amp;apos;
Driver info: driver.version: RemoteWebDriver">
      <![CDATA[org.openqa.selenium.remote.UnreachableBrowserException: Error communicating with the remote browser. It may have died.
Build info: version: '2.41.0', revision: '3192d8a6c4449dc285928ba024779344f5423c58', time: '2014-03-27 11:29:39'
System info: host: '395-CNU40791QP', ip: '172.16.248.138', os.name: 'Windows 7', os.arch: 'amd64', os.version: '6.1', java.version: '1.8.0_25'
Driver info: driver.version: RemoteWebDriver
	at org.openqa.selenium.remote.RemoteWebDriver.execute(RemoteWebDriver.java:589)
	at org.openqa.selenium.remote.RemoteWebDriver.execute(RemoteWebDriver.java:610)
	at org.openqa.selenium.remote.RemoteWebDriver.quit(RemoteWebDriver.java:464)
	at med.base.BaseScript.afterMethod(BaseScript.java:78)
	at java.util.concurrent.FutureTask.run(Unknown Source)
	at java.util.concurrent.ThreadPoolExecutor.runWorker(Unknown Source)
	at java.util.concurrent.ThreadPoolExecutor$Worker.run(Unknown Source)
	at java.lang.Thread.run(Unknown Source)
Caused by: java.net.ConnectException: Connection refused: connect
	at java.net.DualStackPlainSocketImpl.waitForConnect(Native Method)
	at java.net.DualStackPlainSocketImpl.socketConnect(Unknown Source)
	at java.net.AbstractPlainSocketImpl.doConnect(Unknown Source)
	at java.net.AbstractPlainSocketImpl.connectToAddress(Unknown Source)
	at java.net.AbstractPlainSocketImpl.connect(Unknown Source)
	at java.net.PlainSocketImpl.connect(Unknown Source)
	at java.net.SocksSocketImpl.connect(Unknown Source)
	at java.net.Socket.connect(Unknown Source)
	at org.apache.http.conn.scheme.PlainSocketFactory.connectSocket(PlainSocketFactory.java:117)
	at org.apache.http.impl.conn.DefaultClientConnectionOperator.openConnection(DefaultClientConnectionOperator.java:178)
	at org.apache.http.impl.conn.AbstractPoolEntry.open(AbstractPoolEntry.java:144)
	at org.apache.http.impl.conn.AbstractPooledConnAdapter.open(AbstractPooledConnAdapter.java:131)
	at org.apache.http.impl.client.DefaultRequestDirector.tryConnect(DefaultRequestDirector.java:610)
	at org.apache.http.impl.client.DefaultRequestDirector.execute(DefaultRequestDirector.java:445)
	at org.apache.http.impl.client.AbstractHttpClient.doExecute(AbstractHttpClient.java:863)
	at org.apache.http.impl.client.CloseableHttpClient.execute(CloseableHttpClient.java:72)
	at org.apache.http.impl.client.CloseableHttpClient.execute(CloseableHttpClient.java:57)
	at org.openqa.selenium.remote.HttpCommandExecutor.fallBackExecute(HttpCommandExecutor.java:322)
	at org.openqa.selenium.remote.HttpCommandExecutor.execute(HttpCommandExecutor.java:301)
	at org.openqa.selenium.firefox.internal.NewProfileExtensionConnection.execute(NewProfileExtensionConnection.java:165)
	at org.openqa.selenium.firefox.FirefoxDriver$LazyCommandExecutor.execute(FirefoxDriver.java:362)
	at org.openqa.selenium.remote.RemoteWebDriver.execute(RemoteWebDriver.java:568)
	... 24 more
... Removed 17 stack frames]]>
    </failure>
  </testcase> <!-- @AfterMethod afterMethod -->
  <testcase name="@BeforeMethod beforeMethod" time="0.0" classname="med.jasper.regression.DisplayVideotitle">
    <skipped/>
  </testcase> <!-- @BeforeMethod beforeMethod -->
  <testcase name="@AfterMethod afterMethod" time="0.0" classname="med.jasper.regression.DisplayVideotitle">
    <skipped/>
  </testcase> <!-- @AfterMethod afterMethod -->
  <testcase name="@BeforeMethod beforeMethod" time="0.0" classname="med.jasper.regression.DisplayVideotitle">
    <skipped/>
  </testcase> <!-- @BeforeMethod beforeMethod -->
  <testcase name="@AfterMethod afterMethod" time="0.0" classname="med.jasper.regression.DisplayVideotitle">
    <skipped/>
  </testcase> <!-- @AfterMethod afterMethod -->
  <testcase name="@BeforeMethod beforeMethod" time="0.0" classname="med.jasper.regression.DisplayVideotitle">
    <skipped/>
  </testcase> <!-- @BeforeMethod beforeMethod -->
  <testcase name="@AfterMethod afterMethod" time="0.0" classname="med.jasper.regression.DisplayVideotitle">
    <skipped/>
  </testcase> <!-- @AfterMethod afterMethod -->
  <testcase name="@BeforeMethod beforeMethod" time="0.0" classname="med.jasper.regression.DisplayVideotitle">
    <skipped/>
  </testcase> <!-- @BeforeMethod beforeMethod -->
  <testcase name="@AfterMethod afterMethod" time="0.0" classname="med.jasper.regression.DisplayVideotitle">
    <skipped/>
  </testcase> <!-- @AfterMethod afterMethod -->
  <testcase name="@BeforeMethod beforeMethod" time="0.0" classname="med.jasper.regression.DisplayVideotitle">
    <skipped/>
  </testcase> <!-- @BeforeMethod beforeMethod -->
  <testcase name="@AfterMethod afterMethod" time="0.0" classname="med.jasper.regression.DisplayVideotitle">
    <skipped/>
  </testcase> <!-- @AfterMethod afterMethod -->
  <testcase name="@BeforeMethod beforeMethod" time="0.0" classname="med.jasper.regression.DisplayQuizTitle">
    <skipped/>
  </testcase> <!-- @BeforeMethod beforeMethod -->
  <testcase name="@AfterMethod afterMethod" time="0.0" classname="med.jasper.regression.DisplayQuizTitle">
    <skipped/>
  </testcase> <!-- @AfterMethod afterMethod -->
  <testcase name="@BeforeMethod beforeMethod" time="0.0" classname="med.jasper.regression.DisplayQuizTitle">
    <skipped/>
  </testcase> <!-- @BeforeMethod beforeMethod -->
  <testcase name="@AfterMethod afterMethod" time="0.0" classname="med.jasper.regression.DisplayQuizTitle">
    <skipped/>
  </testcase> <!-- @AfterMethod afterMethod -->
  <testcase name="@BeforeMethod beforeMethod" time="0.0" classname="med.jasper.regression.DisplayQuizTitle">
    <skipped/>
  </testcase> <!-- @BeforeMethod beforeMethod -->
  <testcase name="@AfterMethod afterMethod" time="0.0" classname="med.jasper.regression.DisplayQuizTitle">
    <skipped/>
  </testcase> <!-- @AfterMethod afterMethod -->
  <testcase name="@BeforeMethod beforeMethod" time="0.0" classname="med.jasper.regression.DisplayQuizTitle">
    <skipped/>
  </testcase> <!-- @BeforeMethod beforeMethod -->
  <testcase name="@AfterMethod afterMethod" time="0.0" classname="med.jasper.regression.DisplayQuizTitle">
    <skipped/>
  </testcase> <!-- @AfterMethod afterMethod -->
  <testcase name="@BeforeMethod beforeMethod" time="0.0" classname="med.jasper.regression.DisplayQuizTitle">
    <skipped/>
  </testcase> <!-- @BeforeMethod beforeMethod -->
  <testcase name="@AfterMethod afterMethod" time="0.0" classname="med.jasper.regression.DisplayQuizTitle">
    <skipped/>
  </testcase> <!-- @AfterMethod afterMethod -->
  <testcase name="@BeforeMethod beforeMethod" time="0.0" classname="med.jasper.regression.DisplayQuizTitle">
    <skipped/>
  </testcase> <!-- @BeforeMethod beforeMethod -->
  <testcase name="@AfterMethod afterMethod" time="0.0" classname="med.jasper.regression.DisplayQuizTitle">
    <skipped/>
  </testcase> <!-- @AfterMethod afterMethod -->
  <testcase name="@BeforeMethod beforeMethod" time="0.0" classname="med.jasper.regression.DisplayQuizTitle">
    <skipped/>
  </testcase> <!-- @BeforeMethod beforeMethod -->
  <testcase name="@AfterMethod afterMethod" time="0.0" classname="med.jasper.regression.DisplayQuizTitle">
    <skipped/>
  </testcase> <!-- @AfterMethod afterMethod -->
  <testcase name="@BeforeMethod beforeMethod" time="0.0" classname="med.jasper.regression.DisplayQuizTitle">
    <skipped/>
  </testcase> <!-- @BeforeMethod beforeMethod -->
  <testcase name="@AfterMethod afterMethod" time="0.0" classname="med.jasper.regression.DisplayQuizTitle">
    <skipped/>
  </testcase> <!-- @AfterMethod afterMethod -->
  <testcase name="@BeforeMethod beforeMethod" time="0.0" classname="med.jasper.regression.DisplayQuizTitle">
    <skipped/>
  </testcase> <!-- @BeforeMethod beforeMethod -->
  <testcase name="@AfterMethod afterMethod" time="0.0" classname="med.jasper.regression.DisplayQuizTitle">
    <skipped/>
  </testcase> <!-- @AfterMethod afterMethod -->
  <testcase name="@BeforeMethod beforeMethod" time="0.0" classname="med.jasper.regression.DisplayQuizTitle">
    <skipped/>
  </testcase> <!-- @BeforeMethod beforeMethod -->
  <testcase name="@AfterMethod afterMethod" time="0.0" classname="med.jasper.regression.DisplayQuizTitle">
    <skipped/>
  </testcase> <!-- @AfterMethod afterMethod -->
  <testcase name="@BeforeMethod beforeMethod" time="0.0" classname="med.jasper.regression.DisplayQuizTitle">
    <skipped/>
  </testcase> <!-- @BeforeMethod beforeMethod -->
  <testcase name="@AfterMethod afterMethod" time="0.0" classname="med.jasper.regression.DisplayQuizTitle">
    <skipped/>
  </testcase> <!-- @AfterMethod afterMethod -->
  <testcase name="@BeforeMethod beforeMethod" time="0.0" classname="med.jasper.regression.DisplayQuizTitle">
    <skipped/>
  </testcase> <!-- @BeforeMethod beforeMethod -->
  <testcase name="@AfterMethod afterMethod" time="0.0" classname="med.jasper.regression.DisplayQuizTitle">
    <skipped/>
  </testcase> <!-- @AfterMethod afterMethod -->
  <testcase name="@BeforeMethod beforeMethod" time="0.0" classname="med.jasper.regression.DisplayQuizTitle">
    <skipped/>
  </testcase> <!-- @BeforeMethod beforeMethod -->
  <testcase name="@AfterMethod afterMethod" time="0.0" classname="med.jasper.regression.DisplayQuizTitle">
    <skipped/>
  </testcase> <!-- @AfterMethod afterMethod -->
  <testcase name="@BeforeMethod beforeMethod" time="0.0" classname="med.jasper.regression.DisplayQuizTitle">
    <skipped/>
  </testcase> <!-- @BeforeMethod beforeMethod -->
  <testcase name="@AfterMethod afterMethod" time="0.0" classname="med.jasper.regression.DisplayQuizTitle">
    <skipped/>
  </testcase> <!-- @AfterMethod afterMethod -->
  <testcase name="@BeforeMethod beforeMethod" time="0.0" classname="med.OLP.regression.OLPHomePage">
    <skipped/>
  </testcase> <!-- @BeforeMethod beforeMethod -->
  <testcase name="@AfterMethod afterMethod" time="0.0" classname="med.OLP.regression.OLPHomePage">
    <skipped/>
  </testcase> <!-- @AfterMethod afterMethod -->
  <testcase name="@BeforeMethod beforeMethod" time="0.0" classname="med.OLP.regression.OLPHomePage">
    <skipped/>
  </testcase> <!-- @BeforeMethod beforeMethod -->
  <testcase name="@AfterMethod afterMethod" time="0.0" classname="med.OLP.regression.OLPHomePage">
    <skipped/>
  </testcase> <!-- @AfterMethod afterMethod -->
  <testcase name="@BeforeMethod beforeMethod" time="0.0" classname="med.OLP.regression.OLPHomePage">
    <skipped/>
  </testcase> <!-- @BeforeMethod beforeMethod -->
  <testcase name="@AfterMethod afterMethod" time="0.0" classname="med.OLP.regression.OLPHomePage">
    <skipped/>
  </testcase> <!-- @AfterMethod afterMethod -->
  <testcase name="@BeforeMethod beforeMethod" time="0.0" classname="med.OLP.regression.RegressionForOLPProducts">
    <skipped/>
  </testcase> <!-- @BeforeMethod beforeMethod -->
  <testcase name="@AfterMethod afterMethod" time="0.0" classname="med.OLP.regression.RegressionForOLPProducts">
    <skipped/>
  </testcase> <!-- @AfterMethod afterMethod -->
  <testcase name="@BeforeMethod beforeMethod" time="0.0" classname="med.OLP.regression.RegressionForOLPProducts">
    <skipped/>
  </testcase> <!-- @BeforeMethod beforeMethod -->
  <testcase name="@AfterMethod afterMethod" time="0.0" classname="med.OLP.regression.RegressionForOLPProducts">
    <skipped/>
  </testcase> <!-- @AfterMethod afterMethod -->
  <testcase name="@BeforeMethod beforeMethod" time="0.0" classname="med.OLP.regression.RegressionForOLPProducts">
    <skipped/>
  </testcase> <!-- @BeforeMethod beforeMethod -->
  <testcase name="@AfterMethod afterMethod" time="0.0" classname="med.OLP.regression.RegressionForOLPProducts">
    <skipped/>
  </testcase> <!-- @AfterMethod afterMethod -->
  <testcase name="@BeforeMethod beforeMethod" time="0.0" classname="med.OLP.regression.RegressionForOLPProducts">
    <skipped/>
  </testcase> <!-- @BeforeMethod beforeMethod -->
  <testcase name="@AfterMethod afterMethod" time="0.0" classname="med.OLP.regression.RegressionForOLPProducts">
    <skipped/>
  </testcase> <!-- @AfterMethod afterMethod -->
  <testcase name="@BeforeMethod beforeMethod" time="0.0" classname="med.OLP.regression.RegressionForOLPProducts">
    <skipped/>
  </testcase> <!-- @BeforeMethod beforeMethod -->
  <testcase name="@AfterMethod afterMethod" time="0.0" classname="med.OLP.regression.RegressionForOLPProducts">
    <skipped/>
  </testcase> <!-- @AfterMethod afterMethod -->
  <testcase name="@BeforeMethod beforeMethod" time="0.0" classname="med.OLP.regression.RegressionForOLPProducts">
    <skipped/>
  </testcase> <!-- @BeforeMethod beforeMethod -->
  <testcase name="@AfterMethod afterMethod" time="0.0" classname="med.OLP.regression.RegressionForOLPProducts">
    <skipped/>
  </testcase> <!-- @AfterMethod afterMethod -->
  <testcase name="VerifyCardiologyVideoDuration" time="327.376" classname="med.jasper.regression.DisplayVideotitle">
    <failure type="junit.framework.ComparisonFailure" message="expected:&amp;lt;00:20:1[2]&amp;gt; but was:&amp;lt;00:20:1[3]&amp;gt;">
      <![CDATA[junit.framework.ComparisonFailure: expected:<00:20:1[2]> but was:<00:20:1[3]>
	at junit.framework.Assert.assertEquals(Assert.java:85)
	at junit.framework.Assert.assertEquals(Assert.java:91)
	at med.jasper.model.JasperHomePageModel.clicVideoTime(JasperHomePageModel.java:395)
	at med.jasper.model.JasperHomePageModel.clickDisplayTime(JasperHomePageModel.java:368)
	at med.jasper.controller.JasperHomePageController.verifyCardiologyVideoDuration(JasperHomePageController.java:324)
	at med.jasper.regression.DisplayVideotitle.VerifyCardiologyVideoDuration(DisplayVideotitle.java:100)
	at java.util.concurrent.FutureTask.run(Unknown Source)
	at java.util.concurrent.ThreadPoolExecutor.runWorker(Unknown Source)
	at java.util.concurrent.ThreadPoolExecutor$Worker.run(Unknown Source)
	at java.lang.Thread.run(Unknown Source)
... Removed 16 stack frames]]>
    </failure>
  </testcase> <!-- VerifyCardiologyVideoDuration -->
  <testcase name="VerifyDisplayBehavioralMedicineVideotitle" time="3001.841" classname="med.jasper.regression.DisplayVideotitle">
    <failure type="junit.framework.ComparisonFailure" message="expected:&amp;lt;...Related Disorders - [Generalized] Anxiety Disorder&amp;gt; but was:&amp;lt;...Related Disorders - [Illness] Anxiety Disorder&amp;gt;">
      <![CDATA[junit.framework.ComparisonFailure: expected:<...Related Disorders - [Generalized] Anxiety Disorder> but was:<...Related Disorders - [Illness] Anxiety Disorder>
	at junit.framework.Assert.assertEquals(Assert.java:85)
	at junit.framework.Assert.assertEquals(Assert.java:91)
	at med.jasper.model.JasperHomePageModel.clickOnVideoTitle(JasperHomePageModel.java:317)
	at med.jasper.model.JasperHomePageModel.clickOnMol(JasperHomePageModel.java:158)
	at med.jasper.controller.JasperHomePageController.verifyDisplayBehavioralMedicineVideotitle(JasperHomePageController.java:224)
	at med.jasper.regression.DisplayVideotitle.VerifyDisplayBehavioralMedicineVideotitle(DisplayVideotitle.java:42)
	at java.util.concurrent.FutureTask.run(Unknown Source)
	at java.util.concurrent.ThreadPoolExecutor.runWorker(Unknown Source)
	at java.util.concurrent.ThreadPoolExecutor$Worker.run(Unknown Source)
	at java.lang.Thread.run(Unknown Source)
... Removed 16 stack frames]]>
    </failure>
  </testcase> <!-- VerifyDisplayBehavioralMedicineVideotitle -->
  <testcase name="VerifyDisplayBehavioralQuiztitle" time="1187.165" classname="med.jasper.regression.DisplayVideotitle"/>
  <testcase name="VerifyDisplayBiochemistryVideotitle" time="3067.394" classname="med.jasper.regression.DisplayVideotitle"/>
  <testcase name="VerifyDisplayCardiologyQuiztitle" time="600.112" classname="med.jasper.regression.DisplayVideotitle"/>
  <testcase name="VerifyDisplayCardiologyVideotitle" time="274.398" classname="med.jasper.regression.DisplayVideotitle">
    <failure type="junit.framework.ComparisonFailure" message="expected:&amp;lt;...s - Class I antiarrh[y]thmics&amp;gt; but was:&amp;lt;...s - Class I antiarrh[i]thmics&amp;gt;">
      <![CDATA[junit.framework.ComparisonFailure: expected:<...s - Class I antiarrh[y]thmics> but was:<...s - Class I antiarrh[i]thmics>
	at junit.framework.Assert.assertEquals(Assert.java:85)
	at junit.framework.Assert.assertEquals(Assert.java:91)
	at med.jasper.model.JasperHomePageModel.clickOnVideoTitle(JasperHomePageModel.java:317)
	at med.jasper.model.JasperHomePageModel.clickOnMol(JasperHomePageModel.java:158)
	at med.jasper.controller.JasperHomePageController.verifyDisplayCardiologyVideotitle(JasperHomePageController.java:264)
	at med.jasper.regression.DisplayVideotitle.VerifyDisplayCardiologyVideotitle(DisplayVideotitle.java:65)
	at java.util.concurrent.FutureTask.run(Unknown Source)
	at java.util.concurrent.ThreadPoolExecutor.runWorker(Unknown Source)
	at java.util.concurrent.ThreadPoolExecutor$Worker.run(Unknown Source)
	at java.lang.Thread.run(Unknown Source)
... Removed 16 stack frames]]>
    </failure>
  </testcase> <!-- VerifyDisplayCardiologyVideotitle -->
  <testcase name="VerifyDisplayEndocrinologyQuiztitle" time="703.14" classname="med.jasper.regression.DisplayVideotitle"/>
  <testcase name="VerifyDisplayEndocrinologyVideotitle" time="852.554" classname="med.jasper.regression.DisplayVideotitle"/>
  <testcase name="VerifyDisplayEpidemiologyQuiztitle" time="244.167" classname="med.jasper.regression.DisplayVideotitle"/>
  <testcase name="VerifyDisplayEpidemiologyVideotitle" time="78.411" classname="med.jasper.regression.DisplayVideotitle"/>
  <testcase name="VerifyDisplayGastroenterologyQuiztitle" time="581.924" classname="med.jasper.regression.DisplayVideotitle"/>
  <testcase name="VerifyDisplayGastroenterologyVideotitle" time="78.359" classname="med.jasper.regression.DisplayVideotitle"/>
  <testcase name="VerifyDisplayImmunologyQuiztitle" time="1534.177" classname="med.jasper.regression.DisplayVideotitle"/>
  <testcase name="VerifyDisplayImmunologyVideotitle" time="3824.263" classname="med.jasper.regression.DisplayVideotitle"/>
  <testcase name="VerifyDisplayInfectiousDiseaseQuiztitle" time="1375.952" classname="med.jasper.regression.DisplayVideotitle"/>
  <testcase name="VerifyDisplayInfectiousDiseaseVideotitle" time="3526.926" classname="med.jasper.regression.DisplayVideotitle">
    <failure type="junit.framework.ComparisonFailure" message="expected:&amp;lt;...se - RNA Viruses - T[ORCH]S Infections&amp;gt; but was:&amp;lt;...se - RNA Viruses - T[oRCHe]S Infections&amp;gt;">
      <![CDATA[junit.framework.ComparisonFailure: expected:<...se - RNA Viruses - T[ORCH]S Infections> but was:<...se - RNA Viruses - T[oRCHe]S Infections>
	at junit.framework.Assert.assertEquals(Assert.java:85)
	at junit.framework.Assert.assertEquals(Assert.java:91)
	at med.jasper.model.JasperHomePageModel.clickOnVideoTitle(JasperHomePageModel.java:317)
	at med.jasper.model.JasperHomePageModel.clickOnMol(JasperHomePageModel.java:158)
	at med.jasper.controller.JasperHomePageController.verifyDisplayInfectiousDiseaseVideotitle(JasperHomePageController.java:204)
	at med.jasper.regression.DisplayVideotitle.VerifyDisplayInfectiousDiseaseVideotitle(DisplayVideotitle.java:30)
	at java.util.concurrent.FutureTask.run(Unknown Source)
	at java.util.concurrent.ThreadPoolExecutor.runWorker(Unknown Source)
	at java.util.concurrent.ThreadPoolExecutor$Worker.run(Unknown Source)
	at java.lang.Thread.run(Unknown Source)
... Removed 16 stack frames]]>
    </failure>
  </testcase> <!-- VerifyDisplayInfectiousDiseaseVideotitle -->
  <testcase name="VerifyDisplayMusculoskeletalQuiztitle" time="850.295" classname="med.jasper.regression.DisplayVideotitle"/>
  <testcase name="VerifyDisplayMusculoskeletalVideotitle" time="1735.233" classname="med.jasper.regression.DisplayVideotitle"/>
  <testcase name="VerifyDisplayNephrologyQuiztitle" time="659.744" classname="med.jasper.regression.DisplayVideotitle"/>
  <testcase name="VerifyDisplayNephrologyVideotitle" time="327.87" classname="med.jasper.regression.DisplayVideotitle"/>
  <testcase name="VerifyDisplayNeuroscienceVideotitle" time="6593.769" classname="med.jasper.regression.DisplayVideotitle"/>
  <testcase name="VerifyDisplayPharmacologyQuiztitle" time="308.743" classname="med.jasper.regression.DisplayVideotitle"/>
  <testcase name="VerifyDisplayPharmacologyVideotitle" time="83.091" classname="med.jasper.regression.DisplayVideotitle"/>
  <testcase name="VerifyDisplayReproductiveMedicineVideotitle" time="142.641" classname="med.jasper.regression.DisplayVideotitle">
    <failure type="junit.framework.ComparisonFailure" message="expected:&amp;lt;...t II - Hypergonadotr[o]pic Hypogonadism&amp;gt; but was:&amp;lt;...t II - Hypergonadotr[]pic Hypogonadism&amp;gt;">
      <![CDATA[junit.framework.ComparisonFailure: expected:<...t II - Hypergonadotr[o]pic Hypogonadism> but was:<...t II - Hypergonadotr[]pic Hypogonadism>
	at junit.framework.Assert.assertEquals(Assert.java:85)
	at junit.framework.Assert.assertEquals(Assert.java:91)
	at med.jasper.model.JasperHomePageModel.clickOnVideoTitle(JasperHomePageModel.java:317)
	at med.jasper.model.JasperHomePageModel.clickOnMol(JasperHomePageModel.java:158)
	at med.jasper.controller.JasperHomePageController.verifyDisplayReproductiveMedicineVideotitle(JasperHomePageController.java:304)
	at med.jasper.regression.DisplayVideotitle.VerifyDisplayReproductiveMedicineVideotitle(DisplayVideotitle.java:89)
	at java.util.concurrent.FutureTask.run(Unknown Source)
	at java.util.concurrent.ThreadPoolExecutor.runWorker(Unknown Source)
	at java.util.concurrent.ThreadPoolExecutor$Worker.run(Unknown Source)
	at java.lang.Thread.run(Unknown Source)
... Removed 16 stack frames]]>
    </failure>
  </testcase> <!-- VerifyDisplayReproductiveMedicineVideotitle -->
  <testcase name="VerifyDisplayRespiratoryQuiztitle" time="336.81" classname="med.jasper.regression.DisplayVideotitle"/>
  <testcase name="VerifyEndocrinologyVideoDuration" time="443.866" classname="med.jasper.regression.DisplayVideotitle">
    <failure type="junit.framework.ComparisonFailure" message="expected:&amp;lt;00:00:[29]&amp;gt; but was:&amp;lt;00:00:[30]&amp;gt;">
      <![CDATA[junit.framework.ComparisonFailure: expected:<00:00:[29]> but was:<00:00:[30]>
	at junit.framework.Assert.assertEquals(Assert.java:85)
	at junit.framework.Assert.assertEquals(Assert.java:91)
	at med.jasper.model.JasperHomePageModel.clicVideoTime(JasperHomePageModel.java:395)
	at med.jasper.model.JasperHomePageModel.clickDisplayTime(JasperHomePageModel.java:368)
	at med.jasper.controller.JasperHomePageController.verifyEndocrinologyVideoDuration(JasperHomePageController.java:342)
	at med.jasper.regression.DisplayVideotitle.VerifyEndocrinologyVideoDuration(DisplayVideotitle.java:108)
	at java.util.concurrent.FutureTask.run(Unknown Source)
	at java.util.concurrent.ThreadPoolExecutor.runWorker(Unknown Source)
	at java.util.concurrent.ThreadPoolExecutor$Worker.run(Unknown Source)
	at java.lang.Thread.run(Unknown Source)
... Removed 16 stack frames]]>
    </failure>
  </testcase> <!-- VerifyEndocrinologyVideoDuration -->
  <testcase name="VerifyGastroenterologyVideoDuration" time="826.042" classname="med.jasper.regression.DisplayVideotitle">
    <failure type="junit.framework.ComparisonFailure" message="expected:&amp;lt;00:02:[29]&amp;gt; but was:&amp;lt;00:02:[30]&amp;gt;">
      <![CDATA[junit.framework.ComparisonFailure: expected:<00:02:[29]> but was:<00:02:[30]>
	at junit.framework.Assert.assertEquals(Assert.java:85)
	at junit.framework.Assert.assertEquals(Assert.java:91)
	at med.jasper.model.JasperHomePageModel.clicVideoTime(JasperHomePageModel.java:395)
	at med.jasper.model.JasperHomePageModel.clickDisplayTime(JasperHomePageModel.java:368)
	at med.jasper.controller.JasperHomePageController.verifyGastroenterologyVideoDuration(JasperHomePageController.java:333)
	at med.jasper.regression.DisplayVideotitle.VerifyGastroenterologyVideoDuration(DisplayVideotitle.java:104)
	at java.util.concurrent.FutureTask.run(Unknown Source)
	at java.util.concurrent.ThreadPoolExecutor.runWorker(Unknown Source)
	at java.util.concurrent.ThreadPoolExecutor$Worker.run(Unknown Source)
	at java.lang.Thread.run(Unknown Source)
... Removed 16 stack frames]]>
    </failure>
  </testcase> <!-- VerifyGastroenterologyVideoDuration -->
  <testcase name="VerifyNephrologyVideoDuration" time="32.777" classname="med.jasper.regression.DisplayVideotitle">
    <failure type="org.openqa.selenium.remote.UnreachableBrowserException" message="Error communicating with the remote browser. It may have died.
Build info: version: &amp;apos;2.41.0&amp;apos;, revision: &amp;apos;3192d8a6c4449dc285928ba024779344f5423c58&amp;apos;, time: &amp;apos;2014-03-27 11:29:39&amp;apos;
System info: host: &amp;apos;395-CNU40791QP&amp;apos;, ip: &amp;apos;172.16.248.138&amp;apos;, os.name: &amp;apos;Windows 7&amp;apos;, os.arch: &amp;apos;amd64&amp;apos;, os.version: &amp;apos;6.1&amp;apos;, java.version: &amp;apos;1.8.0_25&amp;apos;
Driver info: driver.version: RemoteWebDriver">
      <![CDATA[org.openqa.selenium.remote.UnreachableBrowserException: Error communicating with the remote browser. It may have died.
Build info: version: '2.41.0', revision: '3192d8a6c4449dc285928ba024779344f5423c58', time: '2014-03-27 11:29:39'
System info: host: '395-CNU40791QP', ip: '172.16.248.138', os.name: 'Windows 7', os.arch: 'amd64', os.version: '6.1', java.version: '1.8.0_25'
Driver info: driver.version: RemoteWebDriver
	at org.openqa.selenium.remote.RemoteWebDriver.execute(RemoteWebDriver.java:589)
	at org.openqa.selenium.remote.RemoteWebElement.execute(RemoteWebElement.java:268)
	at org.openqa.selenium.remote.RemoteWebElement.click(RemoteWebElement.java:79)
	at med.OLP.model.OLPLogInPageModel.clickLogIn(OLPLogInPageModel.java:31)
	at med.jasper.controller.JasperLogInPageController.logInOLPPage(JasperLogInPageController.java:33)
	at med.jasper.regression.DisplayVideotitle.VerifyNephrologyVideoDuration(DisplayVideotitle.java:111)
	at java.util.concurrent.FutureTask.run(Unknown Source)
	at java.util.concurrent.ThreadPoolExecutor.runWorker(Unknown Source)
	at java.util.concurrent.ThreadPoolExecutor$Worker.run(Unknown Source)
	at java.lang.Thread.run(Unknown Source)
Caused by: java.net.ConnectException: Connection refused: connect
	at java.net.DualStackPlainSocketImpl.waitForConnect(Native Method)
	at java.net.DualStackPlainSocketImpl.socketConnect(Unknown Source)
	at java.net.AbstractPlainSocketImpl.doConnect(Unknown Source)
	at java.net.AbstractPlainSocketImpl.connectToAddress(Unknown Source)
	at java.net.AbstractPlainSocketImpl.connect(Unknown Source)
	at java.net.PlainSocketImpl.connect(Unknown Source)
	at java.net.SocksSocketImpl.connect(Unknown Source)
	at java.net.Socket.connect(Unknown Source)
	at org.apache.http.conn.scheme.PlainSocketFactory.connectSocket(PlainSocketFactory.java:117)
	at org.apache.http.impl.conn.DefaultClientConnectionOperator.openConnection(DefaultClientConnectionOperator.java:178)
	at org.apache.http.impl.conn.AbstractPoolEntry.open(AbstractPoolEntry.java:144)
	at org.apache.http.impl.conn.AbstractPooledConnAdapter.open(AbstractPooledConnAdapter.java:131)
	at org.apache.http.impl.client.DefaultRequestDirector.tryConnect(DefaultRequestDirector.java:610)
	at org.apache.http.impl.client.DefaultRequestDirector.execute(DefaultRequestDirector.java:445)
	at org.apache.http.impl.client.AbstractHttpClient.doExecute(AbstractHttpClient.java:863)
	at org.apache.http.impl.client.CloseableHttpClient.execute(CloseableHttpClient.java:72)
	at org.apache.http.impl.client.CloseableHttpClient.execute(CloseableHttpClient.java:57)
	at org.openqa.selenium.remote.HttpCommandExecutor.fallBackExecute(HttpCommandExecutor.java:340)
	at org.openqa.selenium.remote.HttpCommandExecutor.execute(HttpCommandExecutor.java:301)
	at org.openqa.selenium.firefox.internal.NewProfileExtensionConnection.execute(NewProfileExtensionConnection.java:165)
	at org.openqa.selenium.firefox.FirefoxDriver$LazyCommandExecutor.execute(FirefoxDriver.java:362)
	at org.openqa.selenium.remote.RemoteWebDriver.execute(RemoteWebDriver.java:568)
	... 25 more
... Removed 16 stack frames]]>
    </failure>
  </testcase> <!-- VerifyNephrologyVideoDuration -->
  <testcase name="VerifyPReproductiveMedicineVideoDuration" time="0.0" classname="med.jasper.regression.DisplayVideotitle">
    <skipped/>
  </testcase> <!-- VerifyPReproductiveMedicineVideoDuration -->
  <testcase name="VerifyPharmacologyVideoDuration" time="0.0" classname="med.jasper.regression.DisplayVideotitle">
    <skipped/>
  </testcase> <!-- VerifyPharmacologyVideoDuration -->
  <testcase name="verifyDisplayBiochemistryQuiztitle" time="0.0" classname="med.jasper.regression.DisplayVideotitle">
    <skipped/>
  </testcase> <!-- verifyDisplayBiochemistryQuiztitle -->
  <testcase name="verifyDisplayReproductiveQuiztitle" time="0.0" classname="med.jasper.regression.DisplayVideotitle">
    <skipped/>
  </testcase> <!-- verifyDisplayReproductiveQuiztitle -->
  <testcase name="vverifyDisplayNeuroscienceQuiztitle" time="0.0" classname="med.jasper.regression.DisplayVideotitle">
    <skipped/>
  </testcase> <!-- vverifyDisplayNeuroscienceQuiztitle -->
  <testcase name="VerifyDisplayBehavioralQuiztitle" time="0.0" classname="med.jasper.regression.DisplayQuizTitle">
    <skipped/>
  </testcase> <!-- VerifyDisplayBehavioralQuiztitle -->
  <testcase name="VerifyDisplayCardiologyQuiztitle" time="0.005" classname="med.jasper.regression.DisplayQuizTitle">
    <skipped/>
  </testcase> <!-- VerifyDisplayCardiologyQuiztitle -->
  <testcase name="VerifyDisplayEndocrinologyQuiztitle" time="0.0" classname="med.jasper.regression.DisplayQuizTitle">
    <skipped/>
  </testcase> <!-- VerifyDisplayEndocrinologyQuiztitle -->
  <testcase name="VerifyDisplayEpidemiologyQuiztitle" time="0.0" classname="med.jasper.regression.DisplayQuizTitle">
    <skipped/>
  </testcase> <!-- VerifyDisplayEpidemiologyQuiztitle -->
  <testcase name="VerifyDisplayGastroenterologyQuiztitle" time="0.0" classname="med.jasper.regression.DisplayQuizTitle">
    <skipped/>
  </testcase> <!-- VerifyDisplayGastroenterologyQuiztitle -->
  <testcase name="VerifyDisplayImmunologyQuiztitle" time="0.005" classname="med.jasper.regression.DisplayQuizTitle">
    <skipped/>
  </testcase> <!-- VerifyDisplayImmunologyQuiztitle -->
  <testcase name="VerifyDisplayInfectiousDiseaseQuiztitle" time="0.0" classname="med.jasper.regression.DisplayQuizTitle">
    <skipped/>
  </testcase> <!-- VerifyDisplayInfectiousDiseaseQuiztitle -->
  <testcase name="VerifyDisplayMusculoskeletalQuiztitle" time="0.0" classname="med.jasper.regression.DisplayQuizTitle">
    <skipped/>
  </testcase> <!-- VerifyDisplayMusculoskeletalQuiztitle -->
  <testcase name="VerifyDisplayNephrologyQuiztitle" time="0.0" classname="med.jasper.regression.DisplayQuizTitle">
    <skipped/>
  </testcase> <!-- VerifyDisplayNephrologyQuiztitle -->
  <testcase name="VerifyDisplayPharmacologyQuiztitle" time="0.0" classname="med.jasper.regression.DisplayQuizTitle">
    <skipped/>
  </testcase> <!-- VerifyDisplayPharmacologyQuiztitle -->
  <testcase name="VerifyDisplayRespiratoryQuiztitle" time="0.0" classname="med.jasper.regression.DisplayQuizTitle">
    <skipped/>
  </testcase> <!-- VerifyDisplayRespiratoryQuiztitle -->
  <testcase name="verifyDisplayBiochemistryQuiztitle" time="0.0" classname="med.jasper.regression.DisplayQuizTitle">
    <skipped/>
  </testcase> <!-- verifyDisplayBiochemistryQuiztitle -->
  <testcase name="verifyDisplayReproductiveQuiztitle" time="0.0" classname="med.jasper.regression.DisplayQuizTitle">
    <skipped/>
  </testcase> <!-- verifyDisplayReproductiveQuiztitle -->
  <testcase name="vverifyDisplayNeuroscienceQuiztitle" time="0.0" classname="med.jasper.regression.DisplayQuizTitle">
    <skipped/>
  </testcase> <!-- vverifyDisplayNeuroscienceQuiztitle -->
  <testcase name="followingSyllabusPaths" time="0.0" classname="med.OLP.regression.OLPHomePage">
    <skipped/>
  </testcase> <!-- followingSyllabusPaths -->
  <testcase name="testContents" time="0.0" classname="med.OLP.regression.OLPHomePage">
    <skipped/>
  </testcase> <!-- testContents -->
  <testcase name="testing1212" time="0.0" classname="med.OLP.regression.OLPHomePage">
    <skipped/>
  </testcase> <!-- testing1212 -->
  <testcase name="VerifyAnalysispageforQbankOLP" time="0.0" classname="med.OLP.regression.RegressionForOLPProducts">
    <skipped/>
  </testcase> <!-- VerifyAnalysispageforQbankOLP -->
  <testcase name="VerifyAnalysispageforQbankOLPproducts" time="0.0" classname="med.OLP.regression.RegressionForOLPProducts">
    <skipped/>
  </testcase> <!-- VerifyAnalysispageforQbankOLPproducts -->
  <testcase name="VerifyExplanationforQbankOLPproducts" time="0.0" classname="med.OLP.regression.RegressionForOLPProducts">
    <skipped/>
  </testcase> <!-- VerifyExplanationforQbankOLPproducts -->
  <testcase name="VerifyReviewpageforQbankOLPproducts" time="0.0" classname="med.OLP.regression.RegressionForOLPProducts">
    <skipped/>
  </testcase> <!-- VerifyReviewpageforQbankOLPproducts -->
  <testcase name="VerifyTestAnalysisReviewpageforQbankOLP" time="0.0" classname="med.OLP.regression.RegressionForOLPProducts">
    <skipped/>
  </testcase> <!-- VerifyTestAnalysisReviewpageforQbankOLP -->
  <testcase name="dateCheck" time="0.0" classname="med.OLP.regression.RegressionForOLPProducts">
    <skipped/>
  </testcase> <!-- dateCheck -->
</testsuite> <!-- Regression -->
